2021-06-27 19:25:14,504 :INFO : test_form_submission : Entering name, email, password
2021-06-27 19:25:14,616 :INFO : test_form_submission : Select checkbox
2021-06-27 19:25:14,857 :INFO : test_form_submission : Selecting gender from dropdown
2021-06-27 19:25:15,146 :INFO : test_form_submission : Selecting employment status radio button
2021-06-27 19:25:15,376 :INFO : test_form_submission : Entering dob
2021-06-27 19:25:17,394 :INFO : test_form_submission : Grabbed screenshot after entering dob
2021-06-27 19:25:17,506 :INFO : test_form_submission : Form submitted
2021-06-27 19:25:17,730 :INFO : test_form_submission : Validating confirmation message
2021-06-27 19:25:20,412 :INFO : test_form_submission : Entering name, email, password
2021-06-27 19:25:20,412 :INFO : test_form_submission : Entering name, email, password
2021-06-27 19:25:20,486 :INFO : test_form_submission : Select checkbox
2021-06-27 19:25:20,486 :INFO : test_form_submission : Select checkbox
2021-06-27 19:25:20,711 :INFO : test_form_submission : Selecting gender from dropdown
2021-06-27 19:25:20,711 :INFO : test_form_submission : Selecting gender from dropdown
2021-06-27 19:25:21,192 :INFO : test_form_submission : Selecting employment status radio button
2021-06-27 19:25:21,192 :INFO : test_form_submission : Selecting employment status radio button
2021-06-27 19:25:21,414 :INFO : test_form_submission : Entering dob
2021-06-27 19:25:21,414 :INFO : test_form_submission : Entering dob
2021-06-27 19:25:23,425 :INFO : test_form_submission : Grabbed screenshot after entering dob
2021-06-27 19:25:23,425 :INFO : test_form_submission : Grabbed screenshot after entering dob
2021-06-27 19:25:23,553 :INFO : test_form_submission : Form submitted
2021-06-27 19:25:23,553 :INFO : test_form_submission : Form submitted
2021-06-27 19:25:23,786 :INFO : test_form_submission : Validating confirmation message
2021-06-27 19:25:23,786 :INFO : test_form_submission : Validating confirmation message
2021-06-27 19:25:41,214 :INFO : test_e2e : Navigating shop page
2021-06-27 19:25:43,299 :INFO : test_e2e : Add blackberry to cart
2021-06-27 19:25:43,304 :INFO : test_e2e : [<selenium.webdriver.firefox.webelement.FirefoxWebElement (session="91e5bc5a-a634-453f-98d2-e8fad882dd38", element="df6520b6-8397-49d7-a48e-02388c95a9cd")>, <selenium.webdriver.firefox.webelement.FirefoxWebElement (session="91e5bc5a-a634-453f-98d2-e8fad882dd38", element="31e1ef56-747c-4178-9bfe-f2b026c595f6")>, <selenium.webdriver.firefox.webelement.FirefoxWebElement (session="91e5bc5a-a634-453f-98d2-e8fad882dd38", element="41c5e209-c1d5-4679-879e-363f745ca4d5")>, <selenium.webdriver.firefox.webelement.FirefoxWebElement (session="91e5bc5a-a634-453f-98d2-e8fad882dd38", element="496396cc-dc8b-48c4-bdf9-1724f6224d28")>]
2021-06-27 19:25:43,338 :INFO : test_e2e : Blackberry
2021-06-27 19:25:43,569 :INFO : test_e2e : Navigate to checkout page
2021-06-27 19:25:43,811 :INFO : test_e2e : Click on checkout button
2021-06-27 19:25:44,047 :INFO : test_e2e : Selecting delivery country
2021-06-27 19:25:49,340 :INFO : test_e2e : selecting terms and conditions checkbox
2021-06-27 19:25:51,576 :INFO : test_e2e : Completing purchase
2021-06-27 19:25:51,826 :INFO : test_e2e : Validating successful checkout
2021-06-27 19:25:51,842 :INFO : test_e2e : Grab success screenshot
2021-06-27 19:29:32,644 :INFO : test_form_submission : Entering name, email, password
2021-06-27 19:29:32,722 :INFO : test_form_submission : Select checkbox
2021-06-27 19:29:32,954 :INFO : test_form_submission : Selecting gender from dropdown
2021-06-27 19:29:33,257 :INFO : test_form_submission : Selecting employment status radio button
2021-06-27 19:29:33,478 :INFO : test_form_submission : Entering dob
2021-06-27 19:29:35,494 :INFO : test_form_submission : Grabbed screenshot after entering dob
2021-06-27 19:29:35,617 :INFO : test_form_submission : Form submitted
2021-06-27 19:29:35,843 :INFO : test_form_submission : Validating confirmation message
2021-06-27 19:29:38,717 :INFO : test_form_submission : Entering name, email, password
2021-06-27 19:29:38,717 :INFO : test_form_submission : Entering name, email, password
2021-06-27 19:29:38,786 :INFO : test_form_submission : Select checkbox
2021-06-27 19:29:38,786 :INFO : test_form_submission : Select checkbox
2021-06-27 19:29:39,013 :INFO : test_form_submission : Selecting gender from dropdown
2021-06-27 19:29:39,013 :INFO : test_form_submission : Selecting gender from dropdown
2021-06-27 19:29:39,592 :INFO : test_form_submission : Selecting employment status radio button
2021-06-27 19:29:39,592 :INFO : test_form_submission : Selecting employment status radio button
2021-06-27 19:29:39,828 :INFO : test_form_submission : Entering dob
2021-06-27 19:29:39,828 :INFO : test_form_submission : Entering dob
2021-06-27 19:29:41,849 :INFO : test_form_submission : Grabbed screenshot after entering dob
2021-06-27 19:29:41,849 :INFO : test_form_submission : Grabbed screenshot after entering dob
2021-06-27 19:29:41,973 :INFO : test_form_submission : Form submitted
2021-06-27 19:29:41,973 :INFO : test_form_submission : Form submitted
2021-06-27 19:29:42,196 :INFO : test_form_submission : Validating confirmation message
2021-06-27 19:29:42,196 :INFO : test_form_submission : Validating confirmation message
2021-06-27 19:29:58,450 :INFO : test_e2e : Navigating shop page
2021-06-27 19:30:00,289 :INFO : test_e2e : Add blackberry to cart
2021-06-27 19:30:00,307 :INFO : test_e2e : iphone X
2021-06-27 19:30:00,311 :INFO : test_e2e : Samsung Note 8
2021-06-27 19:30:00,318 :INFO : test_e2e : Nokia Edge
2021-06-27 19:30:00,322 :INFO : test_e2e : Blackberry
2021-06-27 19:30:00,322 :INFO : test_e2e : Blackberry
2021-06-27 19:30:00,545 :INFO : test_e2e : Navigate to checkout page
2021-06-27 19:30:00,774 :INFO : test_e2e : Click on checkout button
2021-06-27 19:30:01,005 :INFO : test_e2e : Selecting delivery country
2021-06-27 19:30:06,306 :INFO : test_e2e : selecting terms and conditions checkbox
2021-06-27 19:30:08,529 :INFO : test_e2e : Completing purchase
2021-06-27 19:30:08,761 :INFO : test_e2e : Validating successful checkout
2021-06-27 19:30:08,769 :INFO : test_e2e : Grab success screenshot
2021-06-27 19:49:02,656 :INFO : test_form_submission : Entering name, email, password
2021-06-27 19:49:02,760 :INFO : test_form_submission : Select checkbox
2021-06-27 19:49:02,990 :INFO : test_form_submission : Selecting gender from dropdown
2021-06-27 19:49:03,302 :INFO : test_form_submission : Selecting employment status radio button
2021-06-27 19:49:03,531 :INFO : test_form_submission : Entering dob
2021-06-27 19:49:05,567 :INFO : test_form_submission : Grabbed screenshot after entering dob
2021-06-27 19:49:05,713 :INFO : test_form_submission : Form submitted
2021-06-27 19:49:05,946 :INFO : test_form_submission : Validating confirmation message
2021-06-27 19:49:06,166 :INFO : test_form_submission : Entering name, email, password
2021-06-27 19:49:06,166 :INFO : test_form_submission : Entering name, email, password
2021-06-27 19:49:06,232 :INFO : test_form_submission : Select checkbox
2021-06-27 19:49:06,232 :INFO : test_form_submission : Select checkbox
2021-06-27 19:49:06,444 :INFO : test_form_submission : Selecting gender from dropdown
2021-06-27 19:49:06,444 :INFO : test_form_submission : Selecting gender from dropdown
2021-06-27 19:49:06,939 :INFO : test_form_submission : Selecting employment status radio button
2021-06-27 19:49:06,939 :INFO : test_form_submission : Selecting employment status radio button
2021-06-27 19:49:07,165 :INFO : test_form_submission : Entering dob
2021-06-27 19:49:07,165 :INFO : test_form_submission : Entering dob
2021-06-27 19:49:09,186 :INFO : test_form_submission : Grabbed screenshot after entering dob
2021-06-27 19:49:09,186 :INFO : test_form_submission : Grabbed screenshot after entering dob
2021-06-27 19:49:09,298 :INFO : test_form_submission : Form submitted
2021-06-27 19:49:09,298 :INFO : test_form_submission : Form submitted
2021-06-27 19:49:09,529 :INFO : test_form_submission : Validating confirmation message
2021-06-27 19:49:09,529 :INFO : test_form_submission : Validating confirmation message
2021-06-27 19:49:23,491 :INFO : test_e2e : Navigating shop page
2021-06-27 19:49:25,099 :INFO : test_e2e : Add blackberry to cart
2021-06-27 19:49:25,118 :INFO : test_e2e : iphone X
2021-06-27 19:49:25,123 :INFO : test_e2e : Samsung Note 8
2021-06-27 19:49:25,130 :INFO : test_e2e : Nokia Edge
2021-06-27 19:49:25,135 :INFO : test_e2e : Blackberry
2021-06-27 19:49:25,135 :INFO : test_e2e : Blackberry
2021-06-27 19:49:25,367 :INFO : test_e2e : Navigate to checkout page
2021-06-27 19:49:25,631 :INFO : test_e2e : Click on checkout button
2021-06-27 19:49:25,874 :INFO : test_e2e : Selecting delivery country
2021-06-27 19:49:31,176 :INFO : test_e2e : selecting terms and conditions checkbox
2021-06-27 19:49:33,417 :INFO : test_e2e : Completing purchase
2021-06-27 19:49:33,651 :INFO : test_e2e : Validating successful checkout
2021-06-27 19:49:33,664 :INFO : test_e2e : Grab success screenshot
2021-06-27 19:52:09,163 :INFO : test_form_submission : Entering name, email, password
2021-06-27 19:52:09,248 :INFO : test_form_submission : Select checkbox
2021-06-27 19:52:09,480 :INFO : test_form_submission : Selecting gender from dropdown
2021-06-27 19:52:09,810 :INFO : test_form_submission : Selecting employment status radio button
2021-06-27 19:52:10,032 :INFO : test_form_submission : Entering dob
2021-06-27 19:52:12,048 :INFO : test_form_submission : Grabbed screenshot after entering dob
2021-06-27 19:52:12,164 :INFO : test_form_submission : Form submitted
2021-06-27 19:52:12,394 :INFO : test_form_submission : Validating confirmation message
2021-06-27 19:52:15,238 :INFO : test_form_submission : Entering name, email, password
2021-06-27 19:52:15,238 :INFO : test_form_submission : Entering name, email, password
2021-06-27 19:52:15,315 :INFO : test_form_submission : Select checkbox
2021-06-27 19:52:15,315 :INFO : test_form_submission : Select checkbox
2021-06-27 19:52:15,546 :INFO : test_form_submission : Selecting gender from dropdown
2021-06-27 19:52:15,546 :INFO : test_form_submission : Selecting gender from dropdown
2021-06-27 19:52:16,125 :INFO : test_form_submission : Selecting employment status radio button
2021-06-27 19:52:16,125 :INFO : test_form_submission : Selecting employment status radio button
2021-06-27 19:52:16,350 :INFO : test_form_submission : Entering dob
2021-06-27 19:52:16,350 :INFO : test_form_submission : Entering dob
2021-06-27 19:52:18,369 :INFO : test_form_submission : Grabbed screenshot after entering dob
2021-06-27 19:52:18,369 :INFO : test_form_submission : Grabbed screenshot after entering dob
2021-06-27 19:52:18,516 :INFO : test_form_submission : Form submitted
2021-06-27 19:52:18,516 :INFO : test_form_submission : Form submitted
2021-06-27 19:52:18,744 :INFO : test_form_submission : Validating confirmation message
2021-06-27 19:52:18,744 :INFO : test_form_submission : Validating confirmation message
2021-06-27 19:52:33,272 :INFO : test_e2e : Navigating shop page
2021-06-27 19:52:36,459 :INFO : test_e2e : Add blackberry to cart
2021-06-27 19:52:36,479 :INFO : test_e2e : iphone X
2021-06-27 19:52:36,484 :INFO : test_e2e : Samsung Note 8
2021-06-27 19:52:36,491 :INFO : test_e2e : Nokia Edge
2021-06-27 19:52:36,496 :INFO : test_e2e : Blackberry
2021-06-27 19:52:36,496 :INFO : test_e2e : Blackberry
2021-06-27 19:52:36,725 :INFO : test_e2e : Navigate to checkout page
2021-06-27 19:52:36,957 :INFO : test_e2e : Click on checkout button
2021-06-27 19:52:37,208 :INFO : test_e2e : Selecting delivery country
2021-06-27 19:52:42,502 :INFO : test_e2e : selecting terms and conditions checkbox
2021-06-27 19:52:44,734 :INFO : test_e2e : Completing purchase
2021-06-27 19:52:44,967 :INFO : test_e2e : Validating successful checkout
2021-06-27 22:08:42,151 :INFO : test_form_submission : Entering name, email, password
2021-06-27 22:08:42,246 :INFO : test_form_submission : Select checkbox
2021-06-27 22:08:42,478 :INFO : test_form_submission : Selecting gender from dropdown
2021-06-27 22:08:42,831 :INFO : test_form_submission : Selecting employment status radio button
2021-06-27 22:08:43,049 :INFO : test_form_submission : Entering dob
2021-06-27 22:08:45,068 :INFO : test_form_submission : Grabbed screenshot after entering dob
2021-06-27 22:08:45,188 :INFO : test_form_submission : Form submitted
2021-06-27 22:08:45,422 :INFO : test_form_submission : Validating confirmation message
2021-06-27 22:08:48,479 :INFO : test_form_submission : Entering name, email, password
2021-06-27 22:08:48,479 :INFO : test_form_submission : Entering name, email, password
2021-06-27 22:08:48,585 :INFO : test_form_submission : Select checkbox
2021-06-27 22:08:48,585 :INFO : test_form_submission : Select checkbox
2021-06-27 22:08:48,802 :INFO : test_form_submission : Selecting gender from dropdown
2021-06-27 22:08:48,802 :INFO : test_form_submission : Selecting gender from dropdown
2021-06-27 22:08:49,295 :INFO : test_form_submission : Selecting employment status radio button
2021-06-27 22:08:49,295 :INFO : test_form_submission : Selecting employment status radio button
2021-06-27 22:08:49,517 :INFO : test_form_submission : Entering dob
2021-06-27 22:08:49,517 :INFO : test_form_submission : Entering dob
2021-06-27 22:08:51,532 :INFO : test_form_submission : Grabbed screenshot after entering dob
2021-06-27 22:08:51,532 :INFO : test_form_submission : Grabbed screenshot after entering dob
2021-06-27 22:08:51,647 :INFO : test_form_submission : Form submitted
2021-06-27 22:08:51,647 :INFO : test_form_submission : Form submitted
2021-06-27 22:08:51,878 :INFO : test_form_submission : Validating confirmation message
2021-06-27 22:08:51,878 :INFO : test_form_submission : Validating confirmation message
2021-06-27 22:09:07,735 :INFO : test_e2e : Navigating shop page
2021-06-27 22:09:09,164 :INFO : test_e2e : Add blackberry to cart
2021-06-27 22:09:09,186 :INFO : test_e2e : iphone X
2021-06-27 22:09:09,191 :INFO : test_e2e : Samsung Note 8
2021-06-27 22:09:09,197 :INFO : test_e2e : Nokia Edge
2021-06-27 22:09:09,203 :INFO : test_e2e : Blackberry
2021-06-27 22:09:09,203 :INFO : test_e2e : Blackberry
2021-06-27 22:09:09,439 :INFO : test_e2e : Navigate to checkout page
2021-06-27 22:09:09,673 :INFO : test_e2e : Click on checkout button
2021-06-27 22:09:09,917 :INFO : test_e2e : Selecting delivery country
2021-06-27 22:09:15,249 :INFO : test_e2e : selecting terms and conditions checkbox
2021-06-27 22:09:17,492 :INFO : test_e2e : Completing purchase
2021-06-27 22:09:17,724 :INFO : test_e2e : Validating successful checkout
2021-06-27 22:19:32,219 :INFO : test_form_submission : Entering name, email, password
2021-06-27 22:19:32,323 :INFO : test_form_submission : Select checkbox
2021-06-27 22:19:32,548 :INFO : test_form_submission : Selecting gender from dropdown
2021-06-27 22:19:32,844 :INFO : test_form_submission : Selecting employment status radio button
2021-06-27 22:19:33,062 :INFO : test_form_submission : Entering dob
2021-06-27 22:19:35,069 :INFO : test_form_submission : Grabbed screenshot after entering dob
2021-06-27 22:19:35,188 :INFO : test_form_submission : Form submitted
2021-06-27 22:19:35,431 :INFO : test_form_submission : Validating confirmation message
2021-06-27 22:19:37,822 :INFO : test_form_submission : Entering name, email, password
2021-06-27 22:19:37,822 :INFO : test_form_submission : Entering name, email, password
2021-06-27 22:19:37,896 :INFO : test_form_submission : Select checkbox
2021-06-27 22:19:37,896 :INFO : test_form_submission : Select checkbox
2021-06-27 22:19:38,114 :INFO : test_form_submission : Selecting gender from dropdown
2021-06-27 22:19:38,114 :INFO : test_form_submission : Selecting gender from dropdown
2021-06-27 22:19:38,629 :INFO : test_form_submission : Selecting employment status radio button
2021-06-27 22:19:38,629 :INFO : test_form_submission : Selecting employment status radio button
2021-06-27 22:19:38,846 :INFO : test_form_submission : Entering dob
2021-06-27 22:19:38,846 :INFO : test_form_submission : Entering dob
2021-06-27 22:19:40,868 :INFO : test_form_submission : Grabbed screenshot after entering dob
2021-06-27 22:19:40,868 :INFO : test_form_submission : Grabbed screenshot after entering dob
2021-06-27 22:19:40,995 :INFO : test_form_submission : Form submitted
2021-06-27 22:19:40,995 :INFO : test_form_submission : Form submitted
2021-06-27 22:19:41,215 :INFO : test_form_submission : Validating confirmation message
2021-06-27 22:19:41,215 :INFO : test_form_submission : Validating confirmation message
2021-06-27 22:19:57,485 :INFO : test_e2e : Navigating shop page
2021-06-27 22:19:58,989 :INFO : test_e2e : Add blackberry to cart
2021-06-27 22:19:59,006 :INFO : test_e2e : iphone X
2021-06-27 22:19:59,012 :INFO : test_e2e : Samsung Note 8
2021-06-27 22:19:59,017 :INFO : test_e2e : Nokia Edge
2021-06-27 22:19:59,023 :INFO : test_e2e : Blackberry
2021-06-27 22:19:59,023 :INFO : test_e2e : Blackberry
2021-06-27 22:19:59,252 :INFO : test_e2e : Navigate to checkout page
2021-06-27 22:19:59,484 :INFO : test_e2e : Click on checkout button
2021-06-27 22:19:59,715 :INFO : test_e2e : Selecting delivery country
2021-06-27 22:20:05,005 :INFO : test_e2e : selecting terms and conditions checkbox
2021-06-27 22:20:07,225 :INFO : test_e2e : Completing purchase
2021-06-27 22:20:07,458 :INFO : test_e2e : Validating successful checkout
2021-06-27 22:24:32,735 :INFO : test_form_submission : Entering name, email, password
2021-06-27 22:24:32,985 :INFO : test_form_submission : Select checkbox
2021-06-27 22:24:33,031 :INFO : test_form_submission : Selecting gender from dropdown
2021-06-27 22:24:33,170 :INFO : test_form_submission : Selecting employment status radio button
2021-06-27 22:24:33,212 :INFO : test_form_submission : Entering dob
2021-06-27 22:24:35,275 :INFO : test_form_submission : Grabbed screenshot after entering dob
2021-06-27 22:24:35,526 :INFO : test_form_submission : Form submitted
2021-06-27 22:24:35,576 :INFO : test_form_submission : Validating confirmation message
2021-06-27 22:24:35,955 :INFO : test_form_submission : Entering name, email, password
2021-06-27 22:24:35,955 :INFO : test_form_submission : Entering name, email, password
2021-06-27 22:24:36,156 :INFO : test_form_submission : Select checkbox
2021-06-27 22:24:36,156 :INFO : test_form_submission : Select checkbox
2021-06-27 22:24:36,199 :INFO : test_form_submission : Selecting gender from dropdown
2021-06-27 22:24:36,199 :INFO : test_form_submission : Selecting gender from dropdown
2021-06-27 22:24:36,350 :INFO : test_form_submission : Selecting employment status radio button
2021-06-27 22:24:36,350 :INFO : test_form_submission : Selecting employment status radio button
2021-06-27 22:24:36,414 :INFO : test_form_submission : Entering dob
2021-06-27 22:24:36,414 :INFO : test_form_submission : Entering dob
2021-06-27 22:24:38,483 :INFO : test_form_submission : Grabbed screenshot after entering dob
2021-06-27 22:24:38,483 :INFO : test_form_submission : Grabbed screenshot after entering dob
2021-06-27 22:24:38,734 :INFO : test_form_submission : Form submitted
2021-06-27 22:24:38,734 :INFO : test_form_submission : Form submitted
2021-06-27 22:24:38,783 :INFO : test_form_submission : Validating confirmation message
2021-06-27 22:24:38,783 :INFO : test_form_submission : Validating confirmation message
2021-06-27 22:24:46,411 :INFO : test_e2e : Navigating shop page
2021-06-27 22:24:48,553 :INFO : test_e2e : Add blackberry to cart
2021-06-27 22:24:48,581 :INFO : test_e2e : iphone X
2021-06-27 22:24:48,605 :INFO : test_e2e : Samsung Note 8
2021-06-27 22:24:48,638 :INFO : test_e2e : Nokia Edge
2021-06-27 22:24:48,653 :INFO : test_e2e : Blackberry
2021-06-27 22:24:48,653 :INFO : test_e2e : Blackberry
2021-06-27 22:24:48,730 :INFO : test_e2e : Navigate to checkout page
2021-06-27 22:24:48,808 :INFO : test_e2e : Click on checkout button
2021-06-27 22:24:48,881 :INFO : test_e2e : Selecting delivery country
2021-06-27 22:24:54,067 :INFO : test_e2e : selecting terms and conditions checkbox
2021-06-27 22:24:56,120 :INFO : test_e2e : Completing purchase
2021-06-27 22:24:56,186 :INFO : test_e2e : Validating successful checkout
2021-06-27 22:32:01,498 :INFO : test_form_submission : Entering name, email, password
2021-06-27 22:32:01,591 :INFO : test_form_submission : Select checkbox
2021-06-27 22:32:01,814 :INFO : test_form_submission : Selecting gender from dropdown
2021-06-27 22:32:02,105 :INFO : test_form_submission : Selecting employment status radio button
2021-06-27 22:32:02,323 :INFO : test_form_submission : Entering dob
2021-06-27 22:32:04,351 :INFO : test_form_submission : Grabbed screenshot after entering dob
2021-06-27 22:32:04,494 :INFO : test_form_submission : Form submitted
2021-06-27 22:32:04,735 :INFO : test_form_submission : Validating confirmation message
2021-06-27 22:32:08,299 :INFO : test_form_submission : Entering name, email, password
2021-06-27 22:32:08,299 :INFO : test_form_submission : Entering name, email, password
2021-06-27 22:32:08,377 :INFO : test_form_submission : Select checkbox
2021-06-27 22:32:08,377 :INFO : test_form_submission : Select checkbox
2021-06-27 22:32:08,599 :INFO : test_form_submission : Selecting gender from dropdown
2021-06-27 22:32:08,599 :INFO : test_form_submission : Selecting gender from dropdown
2021-06-27 22:32:09,109 :INFO : test_form_submission : Selecting employment status radio button
2021-06-27 22:32:09,109 :INFO : test_form_submission : Selecting employment status radio button
2021-06-27 22:32:09,335 :INFO : test_form_submission : Entering dob
2021-06-27 22:32:09,335 :INFO : test_form_submission : Entering dob
2021-06-27 22:32:11,352 :INFO : test_form_submission : Grabbed screenshot after entering dob
2021-06-27 22:32:11,352 :INFO : test_form_submission : Grabbed screenshot after entering dob
2021-06-27 22:32:11,461 :INFO : test_form_submission : Form submitted
2021-06-27 22:32:11,461 :INFO : test_form_submission : Form submitted
2021-06-27 22:32:11,689 :INFO : test_form_submission : Validating confirmation message
2021-06-27 22:32:11,689 :INFO : test_form_submission : Validating confirmation message
2021-06-27 22:32:29,057 :INFO : test_e2e : Navigating shop page
2021-06-27 22:32:31,641 :INFO : test_e2e : Add blackberry to cart
2021-06-27 22:32:31,663 :INFO : test_e2e : iphone X
2021-06-27 22:32:31,672 :INFO : test_e2e : Samsung Note 8
2021-06-27 22:32:31,678 :INFO : test_e2e : Nokia Edge
2021-06-27 22:32:31,684 :INFO : test_e2e : Blackberry
2021-06-27 22:32:31,684 :INFO : test_e2e : Blackberry
2021-06-27 22:32:31,917 :INFO : test_e2e : Navigate to checkout page
2021-06-27 22:32:32,150 :INFO : test_e2e : Click on checkout button
2021-06-27 22:32:32,384 :INFO : test_e2e : Selecting delivery country
2021-06-27 22:32:37,681 :INFO : test_e2e : selecting terms and conditions checkbox
2021-06-27 22:32:39,930 :INFO : test_e2e : Completing purchase
2021-06-27 22:32:40,180 :INFO : test_e2e : Validating successful checkout
2021-06-27 22:36:38,618 :INFO : test_form_submission : Entering name, email, password
2021-06-27 22:36:38,855 :INFO : test_form_submission : Select checkbox
2021-06-27 22:36:38,896 :INFO : test_form_submission : Selecting gender from dropdown
2021-06-27 22:36:39,023 :INFO : test_form_submission : Selecting employment status radio button
2021-06-27 22:36:39,070 :INFO : test_form_submission : Entering dob
2021-06-27 22:36:41,138 :INFO : test_form_submission : Grabbed screenshot after entering dob
2021-06-27 22:36:41,395 :INFO : test_form_submission : Form submitted
2021-06-27 22:36:41,450 :INFO : test_form_submission : Validating confirmation message
2021-06-27 22:36:41,824 :INFO : test_form_submission : Entering name, email, password
2021-06-27 22:36:41,824 :INFO : test_form_submission : Entering name, email, password
2021-06-27 22:36:42,033 :INFO : test_form_submission : Select checkbox
2021-06-27 22:36:42,033 :INFO : test_form_submission : Select checkbox
2021-06-27 22:36:42,077 :INFO : test_form_submission : Selecting gender from dropdown
2021-06-27 22:36:42,077 :INFO : test_form_submission : Selecting gender from dropdown
2021-06-27 22:36:42,213 :INFO : test_form_submission : Selecting employment status radio button
2021-06-27 22:36:42,213 :INFO : test_form_submission : Selecting employment status radio button
2021-06-27 22:36:42,257 :INFO : test_form_submission : Entering dob
2021-06-27 22:36:42,257 :INFO : test_form_submission : Entering dob
2021-06-27 22:36:44,318 :INFO : test_form_submission : Grabbed screenshot after entering dob
2021-06-27 22:36:44,318 :INFO : test_form_submission : Grabbed screenshot after entering dob
2021-06-27 22:36:44,558 :INFO : test_form_submission : Form submitted
2021-06-27 22:36:44,558 :INFO : test_form_submission : Form submitted
2021-06-27 22:36:44,604 :INFO : test_form_submission : Validating confirmation message
2021-06-27 22:36:44,604 :INFO : test_form_submission : Validating confirmation message
2021-06-27 22:36:52,308 :INFO : test_e2e : Navigating shop page
2021-06-27 22:36:53,758 :INFO : test_e2e : Add blackberry to cart
2021-06-27 22:36:53,784 :INFO : test_e2e : iphone X
2021-06-27 22:36:53,798 :INFO : test_e2e : Samsung Note 8
2021-06-27 22:36:53,807 :INFO : test_e2e : Nokia Edge
2021-06-27 22:36:53,827 :INFO : test_e2e : Blackberry
2021-06-27 22:36:53,827 :INFO : test_e2e : Blackberry
2021-06-27 22:36:53,922 :INFO : test_e2e : Navigate to checkout page
2021-06-27 22:36:53,978 :INFO : test_e2e : Click on checkout button
2021-06-27 22:36:54,035 :INFO : test_e2e : Selecting delivery country
2021-06-27 22:36:59,159 :INFO : test_e2e : selecting terms and conditions checkbox
2021-06-27 22:37:01,207 :INFO : test_e2e : Completing purchase
2021-06-27 22:37:01,263 :INFO : test_e2e : Validating successful checkout
2021-06-27 22:58:14,759 :INFO : test_form_submission : Entering name, email, password
2021-06-27 22:58:14,991 :INFO : test_form_submission : Select checkbox
2021-06-27 22:58:15,034 :INFO : test_form_submission : Selecting gender from dropdown
2021-06-27 22:58:15,171 :INFO : test_form_submission : Selecting employment status radio button
2021-06-27 22:58:15,247 :INFO : test_form_submission : Entering dob
2021-06-27 22:58:17,320 :INFO : test_form_submission : Grabbed screenshot after entering dob
2021-06-27 22:58:17,558 :INFO : test_form_submission : Form submitted
2021-06-27 22:58:17,618 :INFO : test_form_submission : Validating confirmation message
2021-06-27 22:58:17,963 :INFO : test_form_submission : Entering name, email, password
2021-06-27 22:58:17,963 :INFO : test_form_submission : Entering name, email, password
2021-06-27 22:58:18,170 :INFO : test_form_submission : Select checkbox
2021-06-27 22:58:18,170 :INFO : test_form_submission : Select checkbox
2021-06-27 22:58:18,215 :INFO : test_form_submission : Selecting gender from dropdown
2021-06-27 22:58:18,215 :INFO : test_form_submission : Selecting gender from dropdown
2021-06-27 22:58:18,356 :INFO : test_form_submission : Selecting employment status radio button
2021-06-27 22:58:18,356 :INFO : test_form_submission : Selecting employment status radio button
2021-06-27 22:58:18,423 :INFO : test_form_submission : Entering dob
2021-06-27 22:58:18,423 :INFO : test_form_submission : Entering dob
2021-06-27 22:58:20,483 :INFO : test_form_submission : Grabbed screenshot after entering dob
2021-06-27 22:58:20,483 :INFO : test_form_submission : Grabbed screenshot after entering dob
2021-06-27 22:58:20,752 :INFO : test_form_submission : Form submitted
2021-06-27 22:58:20,752 :INFO : test_form_submission : Form submitted
2021-06-27 22:58:20,799 :INFO : test_form_submission : Validating confirmation message
2021-06-27 22:58:20,799 :INFO : test_form_submission : Validating confirmation message
2021-06-28 00:06:30,129 :INFO : test_form_submission : Entering name, email, password
2021-06-28 00:06:30,353 :INFO : test_form_submission : Select checkbox
2021-06-28 00:06:30,404 :INFO : test_form_submission : Selecting gender from dropdown
2021-06-28 00:06:30,523 :INFO : test_form_submission : Selecting employment status radio button
2021-06-28 00:06:30,571 :INFO : test_form_submission : Entering dob
2021-06-28 00:06:32,633 :INFO : test_form_submission : Grabbed screenshot after entering dob
2021-06-28 00:06:32,901 :INFO : test_form_submission : Form submitted
2021-06-28 00:06:32,973 :INFO : test_form_submission : Validating confirmation message
2021-06-28 00:06:33,332 :INFO : test_form_submission : Entering name, email, password
2021-06-28 00:06:33,332 :INFO : test_form_submission : Entering name, email, password
2021-06-28 00:06:33,597 :INFO : test_form_submission : Select checkbox
2021-06-28 00:06:33,597 :INFO : test_form_submission : Select checkbox
2021-06-28 00:06:33,650 :INFO : test_form_submission : Selecting gender from dropdown
2021-06-28 00:06:33,650 :INFO : test_form_submission : Selecting gender from dropdown
2021-06-28 00:06:33,801 :INFO : test_form_submission : Selecting employment status radio button
2021-06-28 00:06:33,801 :INFO : test_form_submission : Selecting employment status radio button
2021-06-28 00:06:33,848 :INFO : test_form_submission : Entering dob
2021-06-28 00:06:33,848 :INFO : test_form_submission : Entering dob
2021-06-28 00:06:35,917 :INFO : test_form_submission : Grabbed screenshot after entering dob
2021-06-28 00:06:35,917 :INFO : test_form_submission : Grabbed screenshot after entering dob
2021-06-28 00:06:36,167 :INFO : test_form_submission : Form submitted
2021-06-28 00:06:36,167 :INFO : test_form_submission : Form submitted
2021-06-28 00:06:36,212 :INFO : test_form_submission : Validating confirmation message
2021-06-28 00:06:36,212 :INFO : test_form_submission : Validating confirmation message
2021-06-28 11:28:09,287 :INFO : test_form_submission : Entering name, email, password
2021-06-28 11:28:09,378 :INFO : test_form_submission : Select checkbox
2021-06-28 11:28:09,598 :INFO : test_form_submission : Selecting gender from dropdown
2021-06-28 11:28:09,901 :INFO : test_form_submission : Selecting employment status radio button
2021-06-28 11:28:10,119 :INFO : test_form_submission : Entering dob
2021-06-28 11:28:12,139 :INFO : test_form_submission : Grabbed screenshot after entering dob
2021-06-28 11:28:12,252 :INFO : test_form_submission : Form submitted
2021-06-28 11:28:12,486 :INFO : test_form_submission : Validating confirmation message
2021-06-28 11:28:16,157 :INFO : test_form_submission : Entering name, email, password
2021-06-28 11:28:16,157 :INFO : test_form_submission : Entering name, email, password
2021-06-28 11:28:16,240 :INFO : test_form_submission : Select checkbox
2021-06-28 11:28:16,240 :INFO : test_form_submission : Select checkbox
2021-06-28 11:28:16,463 :INFO : test_form_submission : Selecting gender from dropdown
2021-06-28 11:28:16,463 :INFO : test_form_submission : Selecting gender from dropdown
2021-06-28 11:28:16,966 :INFO : test_form_submission : Selecting employment status radio button
2021-06-28 11:28:16,966 :INFO : test_form_submission : Selecting employment status radio button
2021-06-28 11:28:17,190 :INFO : test_form_submission : Entering dob
2021-06-28 11:28:17,190 :INFO : test_form_submission : Entering dob
2021-06-28 11:28:19,214 :INFO : test_form_submission : Grabbed screenshot after entering dob
2021-06-28 11:28:19,214 :INFO : test_form_submission : Grabbed screenshot after entering dob
2021-06-28 11:28:19,324 :INFO : test_form_submission : Form submitted
2021-06-28 11:28:19,324 :INFO : test_form_submission : Form submitted
2021-06-28 11:28:19,548 :INFO : test_form_submission : Validating confirmation message
2021-06-28 11:28:19,548 :INFO : test_form_submission : Validating confirmation message
2021-06-28 11:28:39,522 :INFO : test_e2e : Navigating shop page
2021-06-28 11:28:41,215 :INFO : test_e2e : Add blackberry to cart
2021-06-28 11:28:41,236 :INFO : test_e2e : iphone X
2021-06-28 11:28:41,241 :INFO : test_e2e : Samsung Note 8
2021-06-28 11:28:41,245 :INFO : test_e2e : Nokia Edge
2021-06-28 11:28:41,250 :INFO : test_e2e : Blackberry
2021-06-28 11:28:41,250 :INFO : test_e2e : Blackberry
2021-06-28 11:28:41,480 :INFO : test_e2e : Navigate to checkout page
2021-06-28 11:28:41,712 :INFO : test_e2e : Click on checkout button
2021-06-28 11:28:42,003 :INFO : test_e2e : Selecting delivery country
2021-06-28 11:28:47,268 :INFO : test_e2e : selecting terms and conditions checkbox
2021-06-28 11:28:49,501 :INFO : test_e2e : Completing purchase
2021-06-28 11:28:49,783 :INFO : test_e2e : Validating successful checkout
2021-06-28 12:21:21,067 :INFO : test_form_submission : Entering name, email, password
2021-06-28 12:21:21,145 :INFO : test_form_submission : Select checkbox
2021-06-28 12:21:21,374 :INFO : test_form_submission : Selecting gender from dropdown
2021-06-28 12:21:21,663 :INFO : test_form_submission : Selecting employment status radio button
2021-06-28 12:21:21,890 :INFO : test_form_submission : Entering dob
2021-06-28 12:21:23,907 :INFO : test_form_submission : Grabbed screenshot after entering dob
2021-06-28 12:21:24,023 :INFO : test_form_submission : Form submitted
2021-06-28 12:21:24,246 :INFO : test_form_submission : Validating confirmation message
2021-06-28 12:21:29,985 :INFO : test_form_submission : Entering name, email, password
2021-06-28 12:21:29,985 :INFO : test_form_submission : Entering name, email, password
2021-06-28 12:21:30,059 :INFO : test_form_submission : Select checkbox
2021-06-28 12:21:30,059 :INFO : test_form_submission : Select checkbox
2021-06-28 12:21:30,290 :INFO : test_form_submission : Selecting gender from dropdown
2021-06-28 12:21:30,290 :INFO : test_form_submission : Selecting gender from dropdown
2021-06-28 12:21:30,796 :INFO : test_form_submission : Selecting employment status radio button
2021-06-28 12:21:30,796 :INFO : test_form_submission : Selecting employment status radio button
2021-06-28 12:21:31,011 :INFO : test_form_submission : Entering dob
2021-06-28 12:21:31,011 :INFO : test_form_submission : Entering dob
2021-06-28 12:21:33,037 :INFO : test_form_submission : Grabbed screenshot after entering dob
2021-06-28 12:21:33,037 :INFO : test_form_submission : Grabbed screenshot after entering dob
2021-06-28 12:21:33,158 :INFO : test_form_submission : Form submitted
2021-06-28 12:21:33,158 :INFO : test_form_submission : Form submitted
2021-06-28 12:21:33,380 :INFO : test_form_submission : Validating confirmation message
2021-06-28 12:21:33,380 :INFO : test_form_submission : Validating confirmation message
2021-06-28 12:21:49,790 :INFO : test_e2e : Navigating shop page
2021-06-28 12:21:51,783 :INFO : test_e2e : Add blackberry to cart
2021-06-28 12:21:51,802 :INFO : test_e2e : iphone X
2021-06-28 12:21:51,809 :INFO : test_e2e : Samsung Note 8
2021-06-28 12:21:51,815 :INFO : test_e2e : Nokia Edge
2021-06-28 12:21:51,823 :INFO : test_e2e : Blackberry
2021-06-28 12:21:51,823 :INFO : test_e2e : Blackberry
2021-06-28 12:21:52,062 :INFO : test_e2e : Navigate to checkout page
2021-06-28 12:21:52,318 :INFO : test_e2e : Click on checkout button
2021-06-28 12:21:52,548 :INFO : test_e2e : Selecting delivery country
2021-06-28 12:21:57,829 :INFO : test_e2e : selecting terms and conditions checkbox
2021-06-28 12:22:00,049 :INFO : test_e2e : Completing purchase
2021-06-28 12:22:00,269 :INFO : test_e2e : Validating successful checkout
2021-06-28 12:39:30,059 :INFO : test_form_submission : Entering name, email, password
2021-06-28 12:40:56,132 :INFO : test_form_submission : Entering name, email, password
2021-06-28 12:42:13,823 :INFO : test_form_submission : Entering name, email, password
2021-06-28 12:53:46,885 :INFO : test_form_submission : Entering name, email, password
2021-06-28 12:53:47,166 :INFO : test_form_submission : Select checkbox
2021-06-28 12:53:47,263 :INFO : test_form_submission : Selecting gender from dropdown
2021-06-28 12:53:47,514 :INFO : test_form_submission : Selecting employment status radio button
2021-06-28 12:53:47,574 :INFO : test_form_submission : Entering dob
2021-06-28 12:57:11,093 :INFO : test_form_submission : Entering name, email, password
2021-06-28 12:57:11,338 :INFO : test_form_submission : Select checkbox
2021-06-28 12:57:11,382 :INFO : test_form_submission : Selecting gender from dropdown
2021-06-28 12:57:11,556 :INFO : test_form_submission : Selecting employment status radio button
2021-06-28 12:57:11,616 :INFO : test_form_submission : Entering dob
2021-06-28 12:57:30,852 :INFO : test_form_submission : Entering name, email, password
2021-06-28 12:57:31,124 :INFO : test_form_submission : Select checkbox
2021-06-28 12:57:31,176 :INFO : test_form_submission : Selecting gender from dropdown
2021-06-28 12:57:31,377 :INFO : test_form_submission : Selecting employment status radio button
2021-06-28 12:57:31,433 :INFO : test_form_submission : Entering dob
2021-06-28 12:58:29,970 :INFO : test_form_submission : Entering name, email, password
2021-06-28 12:58:30,213 :INFO : test_form_submission : Select checkbox
2021-06-28 12:58:30,272 :INFO : test_form_submission : Selecting gender from dropdown
2021-06-28 12:58:30,413 :INFO : test_form_submission : Selecting employment status radio button
2021-06-28 12:58:30,471 :INFO : test_form_submission : Entering dob
2021-06-28 13:04:24,430 :INFO : test_form_submission : Entering name, email, password
2021-06-28 13:04:24,725 :INFO : test_form_submission : Select checkbox
2021-06-28 13:04:24,764 :INFO : test_form_submission : Selecting gender from dropdown
2021-06-28 13:04:24,912 :INFO : test_form_submission : Selecting employment status radio button
2021-06-28 13:04:24,975 :INFO : test_form_submission : Entering dob
2021-06-28 13:04:27,034 :INFO : test_form_submission : Grabbed screenshot after entering dob
2021-06-28 13:04:27,275 :INFO : test_form_submission : Form submitted
2021-06-28 13:04:27,334 :INFO : test_form_submission : Validating confirmation message
2021-06-28 13:05:57,116 :INFO : test_form_submission : Entering name, email, password
2021-06-28 13:05:57,366 :INFO : test_form_submission : Select checkbox
2021-06-28 13:05:57,419 :INFO : test_form_submission : Selecting gender from dropdown
2021-06-28 13:05:57,583 :INFO : test_form_submission : Selecting employment status radio button
2021-06-28 13:05:57,648 :INFO : test_form_submission : Entering dob
2021-06-28 13:05:59,714 :INFO : test_form_submission : Grabbed screenshot after entering dob
2021-06-28 13:05:59,987 :INFO : test_form_submission : Form submitted
2021-06-28 13:06:00,044 :INFO : test_form_submission : Validating confirmation message
2021-06-28 13:14:16,038 :INFO : test_form_submission : Entering name, email, password
2021-06-28 13:14:16,128 :INFO : test_form_submission : Select checkbox
2021-06-28 13:14:16,355 :INFO : test_form_submission : Selecting gender from dropdown
2021-06-28 13:14:16,856 :INFO : test_form_submission : Selecting employment status radio button
2021-06-28 13:14:17,080 :INFO : test_form_submission : Entering dob
2021-06-28 13:14:19,109 :INFO : test_form_submission : Grabbed screenshot after entering dob
2021-06-28 13:14:19,224 :INFO : test_form_submission : Form submitted
2021-06-28 13:14:19,451 :INFO : test_form_submission : Validating confirmation message
2021-06-28 13:14:36,478 :INFO : test_e2e : Navigating shop page
2021-06-28 13:14:39,713 :INFO : test_e2e : Add blackberry to cart
2021-06-28 13:14:39,734 :INFO : test_e2e : iphone X
2021-06-28 13:14:39,740 :INFO : test_e2e : Samsung Note 8
2021-06-28 13:14:39,745 :INFO : test_e2e : Nokia Edge
2021-06-28 13:14:39,749 :INFO : test_e2e : Blackberry
2021-06-28 13:14:39,749 :INFO : test_e2e : Blackberry
2021-06-28 13:14:39,978 :INFO : test_e2e : Navigate to checkout page
2021-06-28 13:14:40,227 :INFO : test_e2e : Click on checkout button
2021-06-28 13:14:40,469 :INFO : test_e2e : Selecting delivery country
2021-06-28 13:14:45,746 :INFO : test_e2e : selecting terms and conditions checkbox
2021-06-28 13:14:47,989 :INFO : test_e2e : Completing purchase
2021-06-28 13:14:48,230 :INFO : test_e2e : Validating successful checkout
2021-06-28 13:16:08,582 :INFO : test_form_submission : Entering name, email, password
2021-06-28 13:16:08,681 :INFO : test_form_submission : Select checkbox
2021-06-28 13:16:08,908 :INFO : test_form_submission : Selecting gender from dropdown
2021-06-28 13:16:09,435 :INFO : test_form_submission : Selecting employment status radio button
2021-06-28 13:16:09,662 :INFO : test_form_submission : Entering dob
2021-06-28 13:16:11,690 :INFO : test_form_submission : Grabbed screenshot after entering dob
2021-06-28 13:16:11,805 :INFO : test_form_submission : Form submitted
2021-06-28 13:16:12,033 :INFO : test_form_submission : Validating confirmation message
2021-06-28 13:16:30,107 :INFO : test_e2e : Navigating shop page
2021-06-28 13:16:31,807 :INFO : test_e2e : Add blackberry to cart
2021-06-28 13:16:31,826 :INFO : test_e2e : iphone X
2021-06-28 13:16:31,830 :INFO : test_e2e : Samsung Note 8
2021-06-28 13:16:31,838 :INFO : test_e2e : Nokia Edge
2021-06-28 13:16:31,843 :INFO : test_e2e : Blackberry
2021-06-28 13:16:31,843 :INFO : test_e2e : Blackberry
2021-06-28 13:16:32,069 :INFO : test_e2e : Navigate to checkout page
2021-06-28 13:16:32,298 :INFO : test_e2e : Click on checkout button
2021-06-28 13:16:32,533 :INFO : test_e2e : Selecting delivery country
2021-06-28 13:16:37,801 :INFO : test_e2e : selecting terms and conditions checkbox
2021-06-28 13:16:40,034 :INFO : test_e2e : Completing purchase
2021-06-28 13:16:40,254 :INFO : test_e2e : Validating successful checkout
2021-06-28 14:34:03,192 :INFO : test_form_submission : Entering name, email, password
2021-06-28 14:34:03,421 :INFO : test_form_submission : Select checkbox
2021-06-28 14:34:03,465 :INFO : test_form_submission : Selecting gender from dropdown
2021-06-28 14:34:03,617 :INFO : test_form_submission : Selecting employment status radio button
2021-06-28 14:34:03,668 :INFO : test_form_submission : Entering dob
2021-06-28 14:34:05,734 :INFO : test_form_submission : Grabbed screenshot after entering dob
2021-06-28 14:34:05,977 :INFO : test_form_submission : Form submitted
2021-06-28 14:34:06,032 :INFO : test_form_submission : Validating confirmation message
2021-06-28 14:46:10,825 :INFO : test_form_submission : Entering name, email, password
2021-06-28 14:46:11,066 :INFO : test_form_submission : Select checkbox
2021-06-28 14:46:11,107 :INFO : test_form_submission : Selecting gender from dropdown
2021-06-28 14:46:11,252 :INFO : test_form_submission : Selecting employment status radio button
2021-06-28 14:46:11,339 :INFO : test_form_submission : Entering dob
2021-06-28 14:46:13,400 :INFO : test_form_submission : Grabbed screenshot after entering dob
2021-06-28 14:46:13,630 :INFO : test_form_submission : Form submitted
2021-06-28 14:46:13,683 :INFO : test_form_submission : Validating confirmation message
